C51 COMPILER V9.60.7.0   PWM                                                               05/06/2023 18:32:24 PAGE 1   


C51 COMPILER V9.60.7.0, COMPILATION OF MODULE PWM
OBJECT MODULE PLACED IN .\Objects\pwm.obj
COMPILER INVOKED BY: C:\Keil_v5\C51\BIN\C51.EXE pwm.c OPTIMIZE(8,SPEED) BROWSE DEBUG OBJECTEXTEND PRINT(.\Listings\pwm.l
                    -st) TABS(2) OBJECT(.\Objects\pwm.obj)

line level    source

   1          #include"pwm.h"
   2          
   3           unsigned int D = 50,D1 = 50; //占空比为50%
   4           unsigned int THHL=65536-20;//每隔20ms溢出  
   5          
   6          int time=0;
   7          
   8          void pwm_init(void)
   9          { 
  10   1        TMOD = 0x21; //定时器0和2开启；
  11   1        TH0 = THHL /256;//高四位初值
  12   1        TL0 = THHL %256;//低四位初值
  13   1        EA = 1;      //开总中断
  14   1        ET0 = 1;     //T0开时定时器溢出
  15   1        TR0 = 1;     //开启定时器
  16   1        
  17   1        PWM_out = 1;
  18   1      }
  19          
  20          void pwm_set(unsigned char angle)  // x值为0-180
  21          {
  22   1      //  u16 tmp;  //临时存储变量
  23   1        
  24   1        if(angle<=0) angle=0;     //角度小于等于0，置0
  25   1        if(angle>=180) angle=180;   //角度大于等于180，置180
  26   1        
  27   1        //以下所指偏差仅是本人仿真测试所得经验值，应根据真实电路或其他仿真环境对这部分代码进行调试
  28   1      //  if(angle != 0 && angle%45==0) angle=angle-5;  //角度不为0且是45倍数时，减5，降低偏差
  29   1      // 舵机设置
  30   1      //  Minimum Control Pulse:0.054m
  31   1      //  Maximum Control Pulse:2m
  32   1        
  33   1        D=(angle*10)+17;  
  34   1      
  35   1      }
  36          
  37          void time_intt1(void) interrupt 1  
  38          { 
  39   1        static f=0;
  40   1        if(f)
  41   1        {D1 = D;f=0;}
  42   1        else 
  43   1        {D1 = 20000-D;f=1;time++;}
  44   1        
  45   1        THHL=65536-D1;
  46   1        TH0=THHL/256;TL0=THHL%256; 
  47   1        PWM_out = !PWM_out;
  48   1      }   
  49          


MODULE INFORMATION:   STATIC OVERLAYABLE
   CODE SIZE        =    125    ----
   CONSTANT SIZE    =   ----    ----
C51 COMPILER V9.60.7.0   PWM                                                               05/06/2023 18:32:24 PAGE 2   

   XDATA SIZE       =   ----    ----
   PDATA SIZE       =   ----    ----
   DATA SIZE        =     10    ----
   IDATA SIZE       =   ----    ----
   BIT SIZE         =   ----    ----
END OF MODULE INFORMATION.


C51 COMPILATION COMPLETE.  0 WARNING(S),  0 ERROR(S)
