C51 COMPILER V9.60.7.0   SERIAL                                                            05/16/2023 15:33:58 PAGE 1   


C51 COMPILER V9.60.7.0, COMPILATION OF MODULE SERIAL
OBJECT MODULE PLACED IN .\Objects\serial.obj
COMPILER INVOKED BY: C:\Keil_v5\C51\BIN\C51.EXE serial.c OPTIMIZE(8,SPEED) BROWSE DEBUG OBJECTEXTEND PRINT(.\Listings\se
                    -rial.lst) TABS(2) OBJECT(.\Objects\serial.obj)

line level    source

   1          #include"serial.h"
   2          
   3          //sfr T2MOD  = 0xC9;
   4          
   5          void Serialinit()
   6          {               //定时器2作为串口，配置波特率为9600
   7   1      //  T2MOD = 0x01;
   8   1        T2CON = 0x30;
   9   1        TH2 = 0xFF;
  10   1        TL2 = 0xDC;
  11   1        RCAP2H = 0xFF;
  12   1        RCAP2L = 0xDC;
  13   1        SCON = 0x50;
  14   1        PCON = 0x00;
  15   1        TR2 = 1;
  16   1        ES = 1;
  17   1        EA = 1;
  18   1      }
  19          
  20          void Sendchar( unsigned char da)
  21          {
  22   1        SBUF = da;
  23   1        while(!TI);
  24   1        TI = 0;
  25   1      }
  26          
  27          void Sendstring(int x,char *str)
  28          {
  29   1        char *p = str;
  30   1        int i;
  31   1        for(i=0;i<x;i++)
  32   1        {
  33   2          p = str;
  34   2          while(*p != '\0')
  35   2          {
  36   3            Sendchar(*p++);
  37   3          }
  38   2        }
  39   1      }
  40          
  41          
  42          //接受中断
  43          
  44          void Seral_interrput() interrupt 4
  45          {
  46   1        static unsigned char a=0;//定义一个静态变量来保存接受的字符串
  47   1        char temp;
  48   1        if(RI)
  49   1        {
  50   2          temp=SBUF;
  51   2          
  52   2          if(temp != 0x0D)//不等于\n说明没接收完
  53   2          {
  54   3            receive[a]=temp;
C51 COMPILER V9.60.7.0   SERIAL                                                            05/16/2023 15:33:58 PAGE 2   

  55   3            a++;
  56   3          }
  57   2          else
  58   2          {
  59   3      //      receive[a]='\r';//因为判断漏掉了
  60   3      //      receive[a+1]='\n';//因为判断漏掉了
  61   3            receive[a]='\0';//加上结束符号
  62   3            a=0;
  63   3            flag=1;//接收指令完成标志位
  64   3          }
  65   2          RI=0;
  66   2        }
  67   1      }
  68          


MODULE INFORMATION:   STATIC OVERLAYABLE
   CODE SIZE        =    190    ----
   CONSTANT SIZE    =   ----    ----
   XDATA SIZE       =   ----    ----
   PDATA SIZE       =   ----    ----
   DATA SIZE        =      1       8
   IDATA SIZE       =   ----    ----
   BIT SIZE         =   ----    ----
END OF MODULE INFORMATION.


C51 COMPILATION COMPLETE.  0 WARNING(S),  0 ERROR(S)
